C:\Users\Seth Hochberg\AppData\Roaming\RackAFX\PlugIns\Awesomizer.lib
C:\Users\Seth Hochberg\AppData\Roaming\RackAFX\PlugIns\Awesomizer.exp
C:\USERS\SETH HOCHBERG\APPDATA\ROAMING\RACKAFX\RACKAFXPROJECTS\AWESOMIZER\PLUGIN.OBJ
C:\USERS\SETH HOCHBERG\APPDATA\ROAMING\RACKAFX\RACKAFXPROJECTS\AWESOMIZER\PLUGINOBJECTS.OBJ
C:\USERS\SETH HOCHBERG\APPDATA\ROAMING\RACKAFX\RACKAFXPROJECTS\AWESOMIZER\RACKAFXDLL.OBJ
C:\USERS\SETH HOCHBERG\APPDATA\ROAMING\RACKAFX\RACKAFXPROJECTS\AWESOMIZER\AWESOMIZER.OBJ
C:\USERS\SETH HOCHBERG\APPDATA\ROAMING\RACKAFX\RACKAFXPROJECTS\AWESOMIZER\VC110.PDB
C:\USERS\SETH HOCHBERG\APPDATA\ROAMING\RACKAFX\RACKAFXPROJECTS\AWESOMIZER\AWESOMIZER.PDB
C:\Users\Seth Hochberg\AppData\Roaming\RackAFX\RackAFXProjects\Awesomizer\Awesomizer.obj
C:\Users\Seth Hochberg\AppData\Roaming\RackAFX\RackAFXProjects\Awesomizer\plugin.obj
C:\Users\Seth Hochberg\AppData\Roaming\RackAFX\RackAFXProjects\Awesomizer\pluginobjects.obj
C:\Users\Seth Hochberg\AppData\Roaming\RackAFX\RackAFXProjects\Awesomizer\RackAFXDLL.obj
C:\Users\Seth Hochberg\AppData\Roaming\RackAFX\RackAFXProjects\Awesomizer\Awesomizer.write.1.tlog
C:\Users\Seth Hochberg\AppData\Roaming\RackAFX\RackAFXProjects\Awesomizer\cl.command.1.tlog
C:\Users\Seth Hochberg\AppData\Roaming\RackAFX\RackAFXProjects\Awesomizer\CL.read.1.tlog
C:\Users\Seth Hochberg\AppData\Roaming\RackAFX\RackAFXProjects\Awesomizer\CL.write.1.tlog
C:\Users\Seth Hochberg\AppData\Roaming\RackAFX\RackAFXProjects\Awesomizer\link-cvtres.read.1.tlog
C:\Users\Seth Hochberg\AppData\Roaming\RackAFX\RackAFXProjects\Awesomizer\link-cvtres.write.1.tlog
C:\Users\Seth Hochberg\AppData\Roaming\RackAFX\RackAFXProjects\Awesomizer\link-rc.read.1.tlog
C:\Users\Seth Hochberg\AppData\Roaming\RackAFX\RackAFXProjects\Awesomizer\link-rc.write.1.tlog
C:\Users\Seth Hochberg\AppData\Roaming\RackAFX\RackAFXProjects\Awesomizer\link.command.1.tlog
C:\Users\Seth Hochberg\AppData\Roaming\RackAFX\RackAFXProjects\Awesomizer\link.read.1.tlog
C:\Users\Seth Hochberg\AppData\Roaming\RackAFX\RackAFXProjects\Awesomizer\link.write.1.tlog
C:\Users\Seth Hochberg\AppData\Roaming\RackAFX\RackAFXProjects\Awesomizer\vc110.idb
C:\Users\Seth Hochberg\AppData\Roaming\RackAFX\PlugIns\Awesomizer.pdb
C:\Users\Seth Hochberg\AppData\Roaming\RackAFX\PlugIns\Awesomizer.dll
C:\Users\Seth Hochberg\AppData\Roaming\RackAFX\PlugIns\Awesomizer.ilk
